#
# There is insufficient memory for the Java Runtime Environment to continue.
# Native memory allocation (mmap) failed to map 524288000 bytes for G1 virtual space
# Possible reasons:
#   The system is out of physical RAM or swap space
#   The process is running with CompressedOops enabled, and the Java Heap may be blocking the growth of the native heap
# Possible solutions:
#   Reduce memory load on the system
#   Increase physical memory or swap space
#   Check if swap backing store is full
#   Decrease Java heap size (-Xmx/-Xms)
#   Decrease number of Java threads
#   Decrease Java thread stack sizes (-Xss)
#   Set larger code cache with -XX:ReservedCodeCacheSize=
#   JVM is running with Zero Based Compressed Oops mode in which the Java heap is
#     placed in the first 32GB address space. The Java Heap base address is the
#     maximum limit for the native heap growth. Please use -XX:HeapBaseMinAddress
#     to set the Java Heap base and to place the Java Heap above 32GB virtual address.
# This output file may be truncated or incomplete.
#
#  Out of Memory Error (os_windows.cpp:3617), pid=20024, tid=5216
#
# JRE version:  (17.0.8.1+1) (build )
# Java VM: OpenJDK 64-Bit Server VM (17.0.8.1+1, mixed mode, sharing, tiered, compressed oops, compressed class ptrs, g1 gc, windows-amd64)
# No core dump will be written. Minidumps are not enabled by default on client versions of Windows
#

---------------  S U M M A R Y ------------

Command Line: -Dfile.encoding=UTF-8 -Dstdout.encoding=UTF-8 -Dstderr.encoding=UTF-8 -XX:+ShowCodeDetailsInExceptionMessages com.JuditQuirosViolero.tarea3.RuletaSuerte

Host: AMD Ryzen 9 7950X 16-Core Processor            , 32 cores, 31G,  Windows 11 , 64 bit Build 22621 (10.0.22621.2506)
Time: Sat Jan  6 10:38:21 2024 Hora estándar romance elapsed time: 0.005106 seconds (0d 0h 0m 0s)

---------------  T H R E A D  ---------------

Current thread (0x00000241ed691270):  JavaThread "Unknown thread" [_thread_in_vm, id=5216, stack(0x0000006371b00000,0x0000006371c00000)]

Stack: [0x0000006371b00000,0x0000006371c00000]
Native frames: (J=compiled Java code, j=interpreted, Vv=VM code, C=native code)
V  [jvm.dll+0x678b0a]
V  [jvm.dll+0x835e84]
V  [jvm.dll+0x83762e]
V  [jvm.dll+0x837c93]
V  [jvm.dll+0x24746f]
V  [jvm.dll+0x675859]
V  [jvm.dll+0x66a0ea]
V  [jvm.dll+0x306c7b]
V  [jvm.dll+0x30e166]
V  [jvm.dll+0x35dd3e]
V  [jvm.dll+0x35df6f]
V  [jvm.dll+0x2ddb48]
V  [jvm.dll+0x2deab4]
V  [jvm.dll+0x807f31]
V  [jvm.dll+0x36bb21]
V  [jvm.dll+0x7e733c]
V  [jvm.dll+0x3ee4af]
V  [jvm.dll+0x3f00c1]
C  [jli.dll+0x528b]
C  [ucrtbase.dll+0x29363]
C  [KERNEL32.DLL+0x1257d]
C  [ntdll.dll+0x5aa58]


---------------  P R O C E S S  ---------------

Threads class SMR info:
_java_thread_list=0x00007ff8f66da018, length=0, elements={
}

Java Threads: ( => current thread )

Other Threads:
  0x00000241ed743aa0 GCTaskThread "GC Thread#0" [stack: 0x0000006371c00000,0x0000006371d00000] [id=17028]
  0x00000241ed6b1df0 ConcurrentGCThread "G1 Main Marker" [stack: 0x0000006371d00000,0x0000006371e00000] [id=26432]
  0x0000024193af84c0 ConcurrentGCThread "G1 Conc#0" [stack: 0x0000006371e00000,0x0000006371f00000] [id=5128]

[error occurred during error reporting (printing all threads), id 0xc0000005, EXCEPTION_ACCESS_VIOLATION (0xc0000005) at pc=0x00007ff8f5eae587]

VM state: not at safepoint (not fully initialized)

VM Mutex/Monitor currently owned by a thread:  ([mutex/lock_event])
[0x00000241ed68d4e0] Heap_lock - owner thread: 0x00000241ed691270

Heap address: 0x000000060c800000, size: 7992 MB, Compressed Oops mode: Zero based, Oop shift amount: 3

CDS archive(s) mapped at: [0x0000000000000000-0x0000000000000000-0x0000000000000000), size 0, SharedBaseAddress: 0x0000000800000000, ArchiveRelocationMode: 1.
Narrow klass base: 0x0000000000000000, Narrow klass shift: 0, Narrow klass range: 0x0

GC Precious Log:
<Empty>

Heap:
 garbage-first heap   total 0K, used 0K [0x000000060c800000, 0x0000000800000000)
  region size 4096K, 0 young (0K), 0 survivors (0K)

[error occurred during error reporting (printing heap information), id 0xc0000005, EXCEPTION_ACCESS_VIOLATION (0xc0000005) at pc=0x00007ff8f6292699]

GC Heap History (0 events):
No events

Dll operation events (1 events):
Event: 0.003 Loaded shared library C:\Users\judit\.p2\pool\plugins\org.eclipse.justj.openjdk.hotspot.jre.full.win32.x86_64_17.0.8.v20230831-1047\jre\bin\java.dll

Deoptimization events (0 events):
No events

Classes unloaded (0 events):
No events

Classes redefined (0 events):
No events

Internal exceptions (0 events):
No events

VM Operations (0 events):
No events

Events (0 events):
No events


Dynamic libraries:
0x00007ff674870000 - 0x00007ff67487e000 	C:\Users\judit\.p2\pool\plugins\org.eclipse.justj.openjdk.hotspot.jre.full.win32.x86_64_17.0.8.v20230831-1047\jre\bin\javaw.exe
0x00007ff93f570000 - 0x00007ff93f787000 	C:\Windows\SYSTEM32\ntdll.dll
0x00007ff93ef90000 - 0x00007ff93f054000 	C:\Windows\System32\KERNEL32.DLL
0x00007ff93c950000 - 0x00007ff93ccf6000 	C:\Windows\System32\KERNELBASE.dll
0x00007ff93d030000 - 0x00007ff93d141000 	C:\Windows\System32\ucrtbase.dll
0x00007ff929de0000 - 0x00007ff929df7000 	C:\Users\judit\.p2\pool\plugins\org.eclipse.justj.openjdk.hotspot.jre.full.win32.x86_64_17.0.8.v20230831-1047\jre\bin\jli.dll
0x00007ff9297d0000 - 0x00007ff9297e9000 	C:\Users\judit\.p2\pool\plugins\org.eclipse.justj.openjdk.hotspot.jre.full.win32.x86_64_17.0.8.v20230831-1047\jre\bin\VCRUNTIME140.dll
0x00007ff93ec70000 - 0x00007ff93ee1e000 	C:\Windows\System32\USER32.dll
0x00007ff93d290000 - 0x00007ff93d2b6000 	C:\Windows\System32\win32u.dll
0x00007ff924fe0000 - 0x00007ff925273000 	C:\Windows\WinSxS\amd64_microsoft.windows.common-controls_6595b64144ccf1df_6.0.22621.2506_none_270c5ae97388e100\COMCTL32.dll
0x00007ff93f140000 - 0x00007ff93f169000 	C:\Windows\System32\GDI32.dll
0x00007ff93d840000 - 0x00007ff93d8e7000 	C:\Windows\System32\msvcrt.dll
0x00007ff93cf10000 - 0x00007ff93d028000 	C:\Windows\System32\gdi32full.dll
0x00007ff93ce70000 - 0x00007ff93cf0a000 	C:\Windows\System32\msvcp_win.dll
0x00007ff93d2c0000 - 0x00007ff93d2f1000 	C:\Windows\System32\IMM32.DLL
0x00007ff939b00000 - 0x00007ff939b0c000 	C:\Users\judit\.p2\pool\plugins\org.eclipse.justj.openjdk.hotspot.jre.full.win32.x86_64_17.0.8.v20230831-1047\jre\bin\vcruntime140_1.dll
0x00007ff903c80000 - 0x00007ff903d11000 	C:\Users\judit\.p2\pool\plugins\org.eclipse.justj.openjdk.hotspot.jre.full.win32.x86_64_17.0.8.v20230831-1047\jre\bin\msvcp140.dll
0x00007ff8f5bc0000 - 0x00007ff8f680c000 	C:\Users\judit\.p2\pool\plugins\org.eclipse.justj.openjdk.hotspot.jre.full.win32.x86_64_17.0.8.v20230831-1047\jre\bin\server\jvm.dll
0x00007ff93e350000 - 0x00007ff93e401000 	C:\Windows\System32\ADVAPI32.dll
0x00007ff93d8f0000 - 0x00007ff93d995000 	C:\Windows\System32\sechost.dll
0x00007ff93d300000 - 0x00007ff93d417000 	C:\Windows\System32\RPCRT4.dll
0x00007ff939af0000 - 0x00007ff939af9000 	C:\Windows\SYSTEM32\WSOCK32.dll
0x00007ff93c7b0000 - 0x00007ff93c7fd000 	C:\Windows\SYSTEM32\POWRPROF.dll
0x00007ff93dca0000 - 0x00007ff93dd11000 	C:\Windows\System32\WS2_32.dll
0x00007ff935620000 - 0x00007ff935654000 	C:\Windows\SYSTEM32\WINMM.dll
0x00007ff9361e0000 - 0x00007ff9361ea000 	C:\Windows\SYSTEM32\VERSION.dll
0x00007ff93c5e0000 - 0x00007ff93c5f3000 	C:\Windows\SYSTEM32\UMPDC.dll
0x00007ff93b8a0000 - 0x00007ff93b8b8000 	C:\Windows\SYSTEM32\kernel.appcore.dll
0x00007ff937f50000 - 0x00007ff937f5a000 	C:\Users\judit\.p2\pool\plugins\org.eclipse.justj.openjdk.hotspot.jre.full.win32.x86_64_17.0.8.v20230831-1047\jre\bin\jimage.dll
0x00007ff932fc0000 - 0x00007ff9331f3000 	C:\Windows\SYSTEM32\DBGHELP.DLL
0x00007ff93d420000 - 0x00007ff93d7a9000 	C:\Windows\System32\combase.dll
0x00007ff93f450000 - 0x00007ff93f527000 	C:\Windows\System32\OLEAUT32.dll
0x00007ff923ec0000 - 0x00007ff923ef2000 	C:\Windows\SYSTEM32\dbgcore.DLL
0x00007ff93d150000 - 0x00007ff93d1ca000 	C:\Windows\System32\bcryptPrimitives.dll
0x00007ff9369e0000 - 0x00007ff936a05000 	C:\Users\judit\.p2\pool\plugins\org.eclipse.justj.openjdk.hotspot.jre.full.win32.x86_64_17.0.8.v20230831-1047\jre\bin\java.dll

dbghelp: loaded successfully - version: 4.0.5 - missing functions: none
symbol engine: initialized successfully - sym options: 0x614 - pdb path: .;C:\Users\judit\.p2\pool\plugins\org.eclipse.justj.openjdk.hotspot.jre.full.win32.x86_64_17.0.8.v20230831-1047\jre\bin;C:\Windows\SYSTEM32;C:\Windows\WinSxS\amd64_microsoft.windows.common-controls_6595b64144ccf1df_6.0.22621.2506_none_270c5ae97388e100;C:\Users\judit\.p2\pool\plugins\org.eclipse.justj.openjdk.hotspot.jre.full.win32.x86_64_17.0.8.v20230831-1047\jre\bin\server

VM Arguments:
jvm_args: -Dfile.encoding=UTF-8 -Dstdout.encoding=UTF-8 -Dstderr.encoding=UTF-8 -XX:+ShowCodeDetailsInExceptionMessages 
java_command: com.JuditQuirosViolero.tarea3.RuletaSuerte
java_class_path (initial): D:\DAW\Repositorio\1DAW\Programacion\tarea3CadenasArrays\bin
Launcher Type: SUN_STANDARD

[Global flags]
     intx CICompilerCount                          = 15                                        {product} {ergonomic}
     uint ConcGCThreads                            = 6                                         {product} {ergonomic}
     uint G1ConcRefinementThreads                  = 23                                        {product} {ergonomic}
   size_t G1HeapRegionSize                         = 4194304                                   {product} {ergonomic}
    uintx GCDrainStackTargetSize                   = 64                                        {product} {ergonomic}
   size_t InitialHeapSize                          = 524288000                                 {product} {ergonomic}
   size_t MarkStackSize                            = 4194304                                   {product} {ergonomic}
   size_t MaxHeapSize                              = 8380219392                                {product} {ergonomic}
   size_t MinHeapDeltaBytes                        = 4194304                                   {product} {ergonomic}
   size_t MinHeapSize                              = 8388608                                   {product} {ergonomic}
    uintx NonNMethodCodeHeapSize                   = 8192380                                {pd product} {ergonomic}
    uintx NonProfiledCodeHeapSize                  = 121732930                              {pd product} {ergonomic}
    uintx ProfiledCodeHeapSize                     = 121732930                              {pd product} {ergonomic}
    uintx ReservedCodeCacheSize                    = 251658240                              {pd product} {ergonomic}
     bool SegmentedCodeCache                       = true                                      {product} {ergonomic}
     bool ShowCodeDetailsInExceptionMessages       = true                                   {manageable} {command line}
   size_t SoftMaxHeapSize                          = 8380219392                             {manageable} {ergonomic}
     bool UseCompressedClassPointers               = true                           {product lp64_product} {ergonomic}
     bool UseCompressedOops                        = true                           {product lp64_product} {ergonomic}
     bool UseG1GC                                  = true                                      {product} {ergonomic}
     bool UseLargePagesIndividualAllocation        = false                                  {pd product} {ergonomic}

Logging:
Log output configuration:
 #0: stdout all=warning uptime,level,tags
 #1: stderr all=off uptime,level,tags

Environment Variables:
PATH=C:/Users/judit/.p2/pool/plugins/org.eclipse.justj.openjdk.hotspot.jre.full.win32.x86_64_17.0.8.v20230831-1047/jre/bin/server;C:/Users/judit/.p2/pool/plugins/org.eclipse.justj.openjdk.hotspot.jre.full.win32.x86_64_17.0.8.v20230831-1047/jre/bin;C:\Program Files\Common Files\Oracle\Java\javapath;C:\Windows\system32;C:\Windows;C:\Windows\System32\Wbem;C:\Windows\System32\WindowsPowerShell\v1.0\;C:\Windows\System32\OpenSSH\;C:\Users\judit\AppData\Local\Microsoft\WindowsApps;;C:\Users\judit\AppData\Local\Programs\Microsoft VS Code\bin;C:\Users\judit\Desktop;
USERNAME=judit
OS=Windows_NT
PROCESSOR_IDENTIFIER=AMD64 Family 25 Model 97 Stepping 2, AuthenticAMD
TMP=C:\Users\judit\AppData\Local\Temp
TEMP=C:\Users\judit\AppData\Local\Temp



---------------  S Y S T E M  ---------------

OS:
 Windows 11 , 64 bit Build 22621 (10.0.22621.2506)
OS uptime: 1 days 12:59 hours
Hyper-V role detected

CPU: total 32 (initial active 32) (32 cores per cpu, 2 threads per core) family 25 model 97 stepping 2 microcode 0x0, cx8, cmov, fxsr, ht, mmx, 3dnowpref, sse, sse2, sse3, ssse3, sse4a, sse4.1, sse4.2, popcnt, lzcnt, tsc, tscinvbit, avx, avx2, aes, erms, clmul, bmi1, bmi2, adx, avx512f, avx512dq, avx512cd, avx512bw, avx512vl, sha, fma, vzeroupper, avx512_vpopcntdq, avx512_vpclmulqdq, avx512_vaes, avx512_vnni, clflush, clflushopt, avx512_vbmi2, avx512_vbmi, hv
Processor Information for all 32 processors :
  Max Mhz: 4501, Current Mhz: 4501, Mhz Limit: 4501

Memory: 4k page, system-wide physical 31961M (21987M free)
TotalPageFile size 60477M (AvailPageFile size 316M)
current process WorkingSet (physical memory assigned to process): 11M, peak: 11M
current process commit charge ("private bytes"): 92M, peak: 591M

vm_info: OpenJDK 64-Bit Server VM (17.0.8.1+1) for windows-amd64 JRE (17.0.8.1+1), built on Aug 23 2023 15:29:17 by "admin" with MS VC++ 16.7 (VS2019)

END.
